2024-12-25 15:04:11,448 - database_manager - INFO - Database setup completed successfully
2024-12-25 15:04:11,449 - visualization - INFO - Created chart save directory: chart_images
2024-12-25 15:04:11,887 - visualization - INFO - Started auto-save with 2 hour interval
2024-12-25 15:05:34,953 - visualization - INFO - Saving final chart before shutdown...
2024-12-25 15:05:36,456 - visualization - INFO - Saved chart at 2024-12-25 15:05:34: chart_images\market_chart_final_20241225_150534.png
2024-12-25 15:05:36,457 - visualization - INFO - Image resolution: 7200x4800 pixels
2024-12-25 15:05:36,472 - visualization - INFO - Application shutdown completed
2024-12-25 15:07:30,284 - __main__ - INFO - Received signal 2, initiating shutdown...
2024-12-25 15:07:30,284 - __main__ - INFO - Shutting down application...
2024-12-25 15:07:30,328 - __main__ - ERROR - Error in main: Event loop stopped before Future completed.
2024-12-25 15:07:30,328 - __main__ - ERROR - Error closing event loop: There is no current event loop in thread 'MainThread'.
2024-12-25 15:07:36,543 - database_manager - INFO - Database setup completed successfully
2024-12-25 15:07:36,543 - visualization - INFO - Created chart save directory: chart_images
2024-12-25 15:07:36,695 - visualization - INFO - Started auto-save with 2 hour interval
2024-12-25 15:08:39,887 - visualization - INFO - Saving final chart before shutdown...
2024-12-25 15:08:41,468 - visualization - INFO - Saved chart at 2024-12-25 15:08:39: chart_images\market_chart_final_20241225_150839.png
2024-12-25 15:08:41,468 - visualization - INFO - Image resolution: 7200x4800 pixels
2024-12-25 15:08:41,480 - visualization - INFO - Application shutdown completed
2024-12-25 15:08:42,659 - __main__ - INFO - Received signal 2, initiating shutdown...
2024-12-25 15:08:42,690 - __main__ - INFO - Shutting down application...
2024-12-25 15:08:42,735 - __main__ - ERROR - Error in main: Event loop stopped before Future completed.
2024-12-25 15:08:42,735 - __main__ - ERROR - Error closing event loop: There is no current event loop in thread 'MainThread'.
2024-12-25 15:19:16,431 - database_manager - INFO - Database setup completed successfully
2024-12-25 15:19:16,432 - visualization - INFO - Created chart save directory: chart_images
2024-12-25 15:19:16,597 - visualization - INFO - Started auto-save with 2 hour interval
2024-12-25 15:19:33,864 - visualization - INFO - Saving final chart before shutdown...
2024-12-25 15:19:35,334 - visualization - INFO - Saved chart at 2024-12-25 15:19:33: chart_images\market_chart_final_20241225_151933.png
2024-12-25 15:19:35,334 - visualization - INFO - Image resolution: 7200x4800 pixels
2024-12-25 15:19:35,349 - visualization - INFO - Application shutdown completed
2024-12-25 15:19:39,020 - __main__ - INFO - Received signal 2, initiating shutdown...
2024-12-25 15:19:39,090 - __main__ - INFO - Shutting down application...
2024-12-25 15:19:39,159 - __main__ - ERROR - Error in main: Event loop stopped before Future completed.
2024-12-25 15:19:39,160 - __main__ - ERROR - Error closing event loop: There is no current event loop in thread 'MainThread'.
2024-12-27 16:23:50,913 - database_manager - INFO - Database setup completed successfully
2024-12-27 16:23:50,913 - visualization - INFO - Created chart save directory: chart_images
2024-12-27 16:23:51,333 - visualization - INFO - Started auto-save with 2 hour interval
2024-12-27 16:23:51,640 - market_data - INFO - WebSocket connected and subscribed
2024-12-27 16:23:51,729 - __main__ - ERROR - Error updating visualization: 'MarketDataVisualization' object has no attribute 'update_charts'
2024-12-27 16:23:52,894 - __main__ - ERROR - Error updating visualization: 'MarketDataVisualization' object has no attribute 'update_charts'
2024-12-27 16:23:53,979 - __main__ - ERROR - Error updating visualization: 'MarketDataVisualization' object has no attribute 'update_charts'
2024-12-27 16:23:55,424 - __main__ - ERROR - Error updating visualization: 'MarketDataVisualization' object has no attribute 'update_charts'
2024-12-27 16:23:56,438 - __main__ - ERROR - Error updating visualization: 'MarketDataVisualization' object has no attribute 'update_charts'
2024-12-27 16:23:57,571 - __main__ - ERROR - Error updating visualization: 'MarketDataVisualization' object has no attribute 'update_charts'
2024-12-27 16:23:57,694 - __main__ - INFO - Received signal 2, initiating shutdown...
2024-12-27 16:23:57,762 - __main__ - INFO - Shutting down application...
2024-12-27 16:23:57,763 - visualization - INFO - Saving final chart before shutdown...
2024-12-27 16:23:57,822 - __main__ - ERROR - Error in main: Event loop stopped before Future completed.
2024-12-27 16:23:57,822 - __main__ - ERROR - Error closing event loop: There is no current event loop in thread 'MainThread'.
2024-12-27 16:33:28,494 - database_manager - INFO - Database setup completed successfully
2024-12-27 16:33:28,494 - visualization - INFO - Created chart save directory: chart_images
2024-12-27 16:33:28,638 - visualization - INFO - Started auto-save with 2 hour interval
2024-12-27 16:33:28,931 - market_data - INFO - WebSocket connected and subscribed
2024-12-27 16:33:29,065 - visualization - ERROR - Error updating chart: 'ts'
2024-12-27 16:33:29,603 - visualization - ERROR - Error updating chart: 'ts'
2024-12-27 16:33:30,697 - visualization - ERROR - Error updating chart: 'ts'
2024-12-27 16:33:32,337 - visualization - ERROR - Error updating chart: 'ts'
2024-12-27 16:33:33,423 - visualization - ERROR - Error updating chart: 'ts'
2024-12-27 16:33:34,484 - visualization - ERROR - Error updating chart: 'ts'
2024-12-27 16:33:35,580 - visualization - ERROR - Error updating chart: 'ts'
2024-12-27 16:33:36,664 - visualization - ERROR - Error updating chart: 'ts'
2024-12-27 16:33:37,702 - visualization - ERROR - Error updating chart: 'ts'
2024-12-27 16:33:38,738 - visualization - ERROR - Error updating chart: 'ts'
2024-12-27 16:33:39,807 - visualization - ERROR - Error updating chart: 'ts'
2024-12-27 16:33:39,845 - __main__ - INFO - Received signal 2, initiating shutdown...
2024-12-27 16:33:39,900 - __main__ - INFO - Shutting down application...
2024-12-27 16:33:39,900 - visualization - INFO - Saving final chart before shutdown...
2024-12-27 16:33:41,252 - visualization - INFO - Saved chart: chart_images\market_chart_final_20241227_163339.png
2024-12-27 16:34:59,682 - __main__ - INFO - Received signal 2, initiating shutdown...
2024-12-27 16:35:19,293 - database_manager - INFO - Database setup completed successfully
2024-12-27 16:35:19,293 - visualization - INFO - Created chart save directory: chart_images
2024-12-27 16:35:19,436 - visualization - INFO - Started auto-save with 2 hour interval
2024-12-27 16:35:19,678 - market_data - INFO - WebSocket connected and subscribed
2024-12-27 16:38:02,969 - visualization - INFO - Saving final chart before shutdown...
2024-12-27 16:38:05,528 - visualization - INFO - Saved chart: chart_images\market_chart_final_20241227_163802.png
2024-12-27 16:38:05,537 - visualization - INFO - Application shutdown completed
